1528048415332	geckodriver	INFO	geckodriver 0.20.1
1528048415339	geckodriver	INFO	Listening on 127.0.0.1:49673
1528048416341	mozrunner::runner	INFO	Running command: "/usr/bin/firefox" "-marionette" "-profile" "/tmp/rust_mozprofile.3UOA3W9p7ojd"
1528048419267	Marionette	INFO	Listening on port 42931
1528048419379	Marionette	WARN	TLS certificate errors will be ignored for this session
1528048420200	addons.xpi	WARN	Exception running bootstrap method shutdown on activity-stream@mozilla.org: [Exception... "Component returned failure code: 0x80004005 (NS_ERROR_FAILURE) [nsIObserverService.removeObserver]"  nsresult: "0x80004005 (NS_ERROR_FAILURE)"  location: "JS frame :: resource://activity-stream/lib/SnippetsFeed.jsm :: uninit :: line 185"  data: no] Stack trace: uninit()@resource://activity-stream/lib/SnippetsFeed.jsm:185
onAction()@resource://activity-stream/lib/SnippetsFeed.jsm:201
_middleware/</<()@resource://activity-stream/lib/Store.jsm:49
Store/this[method]()@resource://activity-stream/lib/Store.jsm:28
uninit()@resource://activity-stream/lib/Store.jsm:151
uninit()@resource://activity-stream/lib/ActivityStream.jsm:300
uninit()@resource://gre/modules/addons/XPIProvider.jsm -> jar:file:///usr/lib/firefox/browser/features/activity-stream@mozilla.org.xpi!/bootstrap.js:73
shutdown()@resource://gre/modules/addons/XPIProvider.jsm -> jar:file:///usr/lib/firefox/browser/features/activity-stream@mozilla.org.xpi!/bootstrap.js:169
callBootstrapMethod()@resource://gre/modules/addons/XPIProvider.jsm:4436
observe()@resource://gre/modules/addons/XPIProvider.jsm:2287
GeckoDriver.prototype.quit()@driver.js:3300
despatch()@server.js:293
execute()@server.js:267
onPacket/<()@server.js:242
onPacket()@server.js:241
_onJSONObjectReady/<()@transport.js:500
*** UTM:SVC TimerManager:registerTimer called after profile-before-change notification. Ignoring timer registration for id: telemetry_modules_ping
1528048421072	geckodriver	INFO	geckodriver 0.20.1
1528048421076	geckodriver	INFO	Listening on 127.0.0.1:49793
1528048422086	mozrunner::runner	INFO	Running command: "/usr/bin/firefox" "-marionette" "-profile" "/tmp/rust_mozprofile.jpxQ4ntM6tHu"
1528048424933	Marionette	INFO	Listening on port 39369
1528048425023	Marionette	WARN	TLS certificate errors will be ignored for this session
1528048425544	addons.xpi	WARN	Exception running bootstrap method shutdown on activity-stream@mozilla.org: [Exception... "Component returned failure code: 0x80004005 (NS_ERROR_FAILURE) [nsIObserverService.removeObserver]"  nsresult: "0x80004005 (NS_ERROR_FAILURE)"  location: "JS frame :: resource://activity-stream/lib/SnippetsFeed.jsm :: uninit :: line 185"  data: no] Stack trace: uninit()@resource://activity-stream/lib/SnippetsFeed.jsm:185
onAction()@resource://activity-stream/lib/SnippetsFeed.jsm:201
_middleware/</<()@resource://activity-stream/lib/Store.jsm:49
Store/this[method]()@resource://activity-stream/lib/Store.jsm:28
uninit()@resource://activity-stream/lib/Store.jsm:151
uninit()@resource://activity-stream/lib/ActivityStream.jsm:300
uninit()@resource://gre/modules/addons/XPIProvider.jsm -> jar:file:///usr/lib/firefox/browser/features/activity-stream@mozilla.org.xpi!/bootstrap.js:73
shutdown()@resource://gre/modules/addons/XPIProvider.jsm -> jar:file:///usr/lib/firefox/browser/features/activity-stream@mozilla.org.xpi!/bootstrap.js:169
callBootstrapMethod()@resource://gre/modules/addons/XPIProvider.jsm:4436
observe()@resource://gre/modules/addons/XPIProvider.jsm:2287
GeckoDriver.prototype.quit()@driver.js:3300
despatch()@server.js:293
execute()@server.js:267
onPacket/<()@server.js:242
onPacket()@server.js:241
_onJSONObjectReady/<()@transport.js:500
*** UTM:SVC TimerManager:registerTimer called after profile-before-change notification. Ignoring timer registration for id: telemetry_modules_ping
1528048469008	geckodriver	INFO	geckodriver 0.20.1
1528048469015	geckodriver	INFO	Listening on 127.0.0.1:45969
1528048470016	mozrunner::runner	INFO	Running command: "/usr/bin/firefox" "-marionette" "-profile" "/tmp/rust_mozprofile.8C2pIx8h55i7"
1528048472745	Marionette	INFO	Listening on port 34717
1528048472916	Marionette	WARN	TLS certificate errors will be ignored for this session
1528048473152	addons.xpi	WARN	Exception running bootstrap method shutdown on activity-stream@mozilla.org: [Exception... "Component returned failure code: 0x80004005 (NS_ERROR_FAILURE) [nsIObserverService.removeObserver]"  nsresult: "0x80004005 (NS_ERROR_FAILURE)"  location: "JS frame :: resource://activity-stream/lib/SnippetsFeed.jsm :: uninit :: line 185"  data: no] Stack trace: uninit()@resource://activity-stream/lib/SnippetsFeed.jsm:185
onAction()@resource://activity-stream/lib/SnippetsFeed.jsm:201
_middleware/</<()@resource://activity-stream/lib/Store.jsm:49
Store/this[method]()@resource://activity-stream/lib/Store.jsm:28
uninit()@resource://activity-stream/lib/Store.jsm:151
uninit()@resource://activity-stream/lib/ActivityStream.jsm:300
uninit()@resource://gre/modules/addons/XPIProvider.jsm -> jar:file:///usr/lib/firefox/browser/features/activity-stream@mozilla.org.xpi!/bootstrap.js:73
shutdown()@resource://gre/modules/addons/XPIProvider.jsm -> jar:file:///usr/lib/firefox/browser/features/activity-stream@mozilla.org.xpi!/bootstrap.js:169
callBootstrapMethod()@resource://gre/modules/addons/XPIProvider.jsm:4436
observe()@resource://gre/modules/addons/XPIProvider.jsm:2287
GeckoDriver.prototype.quit()@driver.js:3300
despatch()@server.js:293
execute()@server.js:267
onPacket/<()@server.js:242
onPacket()@server.js:241
_onJSONObjectReady/<()@transport.js:500
JavaScript error: resource://gre/modules/AsyncShutdown.jsm, line 683: Error: Phase "profile-before-change" is finished, it is too late to register completion condition "JSON store: writing data"
JavaScript error: jar:file:///usr/lib/firefox/browser/omni.ja!/components/nsBrowserGlue.js, line 1211: NS_ERROR_XPC_JAVASCRIPT_ERROR_WITH_DETAILS: [JavaScript Error: "Phase "profile-before-change" is finished, it is too late to register completion condition "JSON store: writing data"" {file: "resource://gre/modules/AsyncShutdown.jsm" line: 683}]'[JavaScript Error: "Phase "profile-before-change" is finished, it is too late to register completion condition "JSON store: writing data"" {file: "resource://gre/modules/AsyncShutdown.jsm" line: 683}]' when calling method: [nsIHandlerService::asyncInit]
*** UTM:SVC TimerManager:registerTimer called after profile-before-change notification. Ignoring timer registration for id: telemetry_modules_ping
1528048503638	geckodriver	INFO	geckodriver 0.20.1
1528048503645	geckodriver	INFO	Listening on 127.0.0.1:45953
1528048504647	mozrunner::runner	INFO	Running command: "/usr/bin/firefox" "-marionette" "-profile" "/tmp/rust_mozprofile.LfoNK0YHKrM6"
1528048507721	Marionette	INFO	Listening on port 44697
1528048507779	Marionette	WARN	TLS certificate errors will be ignored for this session
1528048508029	addons.xpi	WARN	Exception running bootstrap method shutdown on activity-stream@mozilla.org: [Exception... "Component returned failure code: 0x80004005 (NS_ERROR_FAILURE) [nsIObserverService.removeObserver]"  nsresult: "0x80004005 (NS_ERROR_FAILURE)"  location: "JS frame :: resource://activity-stream/lib/SnippetsFeed.jsm :: uninit :: line 185"  data: no] Stack trace: uninit()@resource://activity-stream/lib/SnippetsFeed.jsm:185
onAction()@resource://activity-stream/lib/SnippetsFeed.jsm:201
_middleware/</<()@resource://activity-stream/lib/Store.jsm:49
Store/this[method]()@resource://activity-stream/lib/Store.jsm:28
uninit()@resource://activity-stream/lib/Store.jsm:151
uninit()@resource://activity-stream/lib/ActivityStream.jsm:300
uninit()@resource://gre/modules/addons/XPIProvider.jsm -> jar:file:///usr/lib/firefox/browser/features/activity-stream@mozilla.org.xpi!/bootstrap.js:73
shutdown()@resource://gre/modules/addons/XPIProvider.jsm -> jar:file:///usr/lib/firefox/browser/features/activity-stream@mozilla.org.xpi!/bootstrap.js:169
callBootstrapMethod()@resource://gre/modules/addons/XPIProvider.jsm:4436
observe()@resource://gre/modules/addons/XPIProvider.jsm:2287
GeckoDriver.prototype.quit()@driver.js:3300
despatch()@server.js:293
execute()@server.js:267
onPacket/<()@server.js:242
onPacket()@server.js:241
_onJSONObjectReady/<()@transport.js:500
*** UTM:SVC TimerManager:registerTimer called after profile-before-change notification. Ignoring timer registration for id: telemetry_modules_ping
1528048752247	geckodriver	INFO	geckodriver 0.20.1
1528048752257	geckodriver	INFO	Listening on 127.0.0.1:36521
1528048753256	mozrunner::runner	INFO	Running command: "/usr/bin/firefox" "-marionette" "-profile" "/tmp/rust_mozprofile.rK30SbSJdtZ7"
1528048756338	Marionette	INFO	Listening on port 38497
1528048756376	Marionette	WARN	TLS certificate errors will be ignored for this session
1528048756695	addons.xpi	WARN	Exception running bootstrap method shutdown on activity-stream@mozilla.org: [Exception... "Component returned failure code: 0x80004005 (NS_ERROR_FAILURE) [nsIObserverService.removeObserver]"  nsresult: "0x80004005 (NS_ERROR_FAILURE)"  location: "JS frame :: resource://activity-stream/lib/SnippetsFeed.jsm :: uninit :: line 185"  data: no] Stack trace: uninit()@resource://activity-stream/lib/SnippetsFeed.jsm:185
onAction()@resource://activity-stream/lib/SnippetsFeed.jsm:201
_middleware/</<()@resource://activity-stream/lib/Store.jsm:49
Store/this[method]()@resource://activity-stream/lib/Store.jsm:28
uninit()@resource://activity-stream/lib/Store.jsm:151
uninit()@resource://activity-stream/lib/ActivityStream.jsm:300
uninit()@resource://gre/modules/addons/XPIProvider.jsm -> jar:file:///usr/lib/firefox/browser/features/activity-stream@mozilla.org.xpi!/bootstrap.js:73
shutdown()@resource://gre/modules/addons/XPIProvider.jsm -> jar:file:///usr/lib/firefox/browser/features/activity-stream@mozilla.org.xpi!/bootstrap.js:169
callBootstrapMethod()@resource://gre/modules/addons/XPIProvider.jsm:4436
observe()@resource://gre/modules/addons/XPIProvider.jsm:2287
GeckoDriver.prototype.quit()@driver.js:3300
despatch()@server.js:293
execute()@server.js:267
onPacket/<()@server.js:242
onPacket()@server.js:241
_onJSONObjectReady/<()@transport.js:500
*** UTM:SVC TimerManager:registerTimer called after profile-before-change notification. Ignoring timer registration for id: telemetry_modules_ping
1528048833736	geckodriver	INFO	geckodriver 0.20.1
1528048833745	geckodriver	INFO	Listening on 127.0.0.1:50833
1528048834753	mozrunner::runner	INFO	Running command: "/usr/bin/firefox" "-marionette" "-profile" "/tmp/rust_mozprofile.QvlDmnG41qUD"
1528048837658	Marionette	INFO	Listening on port 36677
1528048837689	Marionette	WARN	TLS certificate errors will be ignored for this session
*** UTM:SVC TimerManager:registerTimer called after profile-before-change notification. Ignoring timer registration for id: telemetry_modules_ping
1528048908674	geckodriver	INFO	geckodriver 0.20.1
1528048908679	geckodriver	INFO	Listening on 127.0.0.1:52903
1528048909692	mozrunner::runner	INFO	Running command: "/usr/bin/firefox" "-marionette" "-profile" "/tmp/rust_mozprofile.xlL12vv5qLFC"
1528048912662	Marionette	INFO	Listening on port 36879
1528048912718	Marionette	WARN	TLS certificate errors will be ignored for this session
*** UTM:SVC TimerManager:registerTimer called after profile-before-change notification. Ignoring timer registration for id: telemetry_modules_ping
1528049134429	geckodriver	INFO	geckodriver 0.20.1
1528049134433	geckodriver	INFO	Listening on 127.0.0.1:59597
1528049135456	mozrunner::runner	INFO	Running command: "/usr/bin/firefox" "-marionette" "-profile" "/tmp/rust_mozprofile.wRc2nwqWL6d2"
1528049138502	Marionette	INFO	Listening on port 43797
1528049138578	Marionette	WARN	TLS certificate errors will be ignored for this session
*** UTM:SVC TimerManager:registerTimer called after profile-before-change notification. Ignoring timer registration for id: telemetry_modules_ping
1528049773766	geckodriver	INFO	geckodriver 0.20.1
1528049773776	geckodriver	INFO	Listening on 127.0.0.1:41695
1528049774772	mozrunner::runner	INFO	Running command: "/usr/bin/firefox" "-marionette" "-profile" "/tmp/rust_mozprofile.RGu80Ibz0Gvt"
1528049777723	Marionette	INFO	Listening on port 36369
1528049777820	Marionette	WARN	TLS certificate errors will be ignored for this session
*** UTM:SVC TimerManager:registerTimer called after profile-before-change notification. Ignoring timer registration for id: telemetry_modules_ping
1528050448771	geckodriver	INFO	geckodriver 0.20.1
1528050448775	geckodriver	INFO	Listening on 127.0.0.1:51993
1528050449779	mozrunner::runner	INFO	Running command: "/usr/bin/firefox" "-marionette" "-profile" "/tmp/rust_mozprofile.CfvwSUnHFEOg"
1528050452822	Marionette	INFO	Listening on port 39507
1528050452912	Marionette	WARN	TLS certificate errors will be ignored for this session
*** UTM:SVC TimerManager:registerTimer called after profile-before-change notification. Ignoring timer registration for id: telemetry_modules_ping
1528050473079	geckodriver	INFO	geckodriver 0.20.1
1528050473090	geckodriver	INFO	Listening on 127.0.0.1:53559
1528050474088	mozrunner::runner	INFO	Running command: "/usr/bin/firefox" "-marionette" "-profile" "/tmp/rust_mozprofile.6QpiChYkjZNL"
1528050477079	Marionette	INFO	Listening on port 44247
1528050477134	Marionette	WARN	TLS certificate errors will be ignored for this session
*** UTM:SVC TimerManager:registerTimer called after profile-before-change notification. Ignoring timer registration for id: telemetry_modules_ping
1528051013836	geckodriver	INFO	geckodriver 0.20.1
1528051013842	geckodriver	INFO	Listening on 127.0.0.1:48635
1528051014844	mozrunner::runner	INFO	Running command: "/usr/bin/firefox" "-marionette" "-profile" "/tmp/rust_mozprofile.xLQNmvuM8slP"
1528051017733	Marionette	INFO	Listening on port 35631
1528051017783	Marionette	WARN	TLS certificate errors will be ignored for this session
*** UTM:SVC TimerManager:registerTimer called after profile-before-change notification. Ignoring timer registration for id: telemetry_modules_ping
1528051303692	geckodriver	INFO	geckodriver 0.20.1
1528051303702	geckodriver	INFO	Listening on 127.0.0.1:49597
1528051304698	mozrunner::runner	INFO	Running command: "/usr/bin/firefox" "-marionette" "-profile" "/tmp/rust_mozprofile.RL5NpO7HmHNe"
1528051307851	Marionette	INFO	Listening on port 40287
1528051307943	Marionette	WARN	TLS certificate errors will be ignored for this session
*** UTM:SVC TimerManager:registerTimer called after profile-before-change notification. Ignoring timer registration for id: telemetry_modules_ping
1528051311598	geckodriver	INFO	geckodriver 0.20.1
1528051311603	geckodriver	INFO	Listening on 127.0.0.1:46885
1528051312607	mozrunner::runner	INFO	Running command: "/usr/bin/firefox" "-marionette" "-profile" "/tmp/rust_mozprofile.BGuU4rslCEIQ"
1528051315470	Marionette	INFO	Listening on port 38587
1528051315551	Marionette	WARN	TLS certificate errors will be ignored for this session
1528051316479	addons.xpi	WARN	Exception running bootstrap method shutdown on activity-stream@mozilla.org: [Exception... "Component returned failure code: 0x80004005 (NS_ERROR_FAILURE) [nsIObserverService.removeObserver]"  nsresult: "0x80004005 (NS_ERROR_FAILURE)"  location: "JS frame :: resource://activity-stream/lib/SnippetsFeed.jsm :: uninit :: line 185"  data: no] Stack trace: uninit()@resource://activity-stream/lib/SnippetsFeed.jsm:185
onAction()@resource://activity-stream/lib/SnippetsFeed.jsm:201
_middleware/</<()@resource://activity-stream/lib/Store.jsm:49
Store/this[method]()@resource://activity-stream/lib/Store.jsm:28
uninit()@resource://activity-stream/lib/Store.jsm:151
uninit()@resource://activity-stream/lib/ActivityStream.jsm:300
uninit()@resource://gre/modules/addons/XPIProvider.jsm -> jar:file:///usr/lib/firefox/browser/features/activity-stream@mozilla.org.xpi!/bootstrap.js:73
shutdown()@resource://gre/modules/addons/XPIProvider.jsm -> jar:file:///usr/lib/firefox/browser/features/activity-stream@mozilla.org.xpi!/bootstrap.js:169
callBootstrapMethod()@resource://gre/modules/addons/XPIProvider.jsm:4436
observe()@resource://gre/modules/addons/XPIProvider.jsm:2287
GeckoDriver.prototype.quit()@driver.js:3300
despatch()@server.js:293
execute()@server.js:267
onPacket/<()@server.js:242
onPacket()@server.js:241
_onJSONObjectReady/<()@transport.js:500
*** UTM:SVC TimerManager:registerTimer called after profile-before-change notification. Ignoring timer registration for id: telemetry_modules_ping
1528051345866	geckodriver	INFO	geckodriver 0.20.1
1528051345876	geckodriver	INFO	Listening on 127.0.0.1:59127
1528051346875	mozrunner::runner	INFO	Running command: "/usr/bin/firefox" "-marionette" "-profile" "/tmp/rust_mozprofile.HgR90I46DUoN"
1528051349958	Marionette	INFO	Listening on port 43265
1528051350007	Marionette	WARN	TLS certificate errors will be ignored for this session
*** UTM:SVC TimerManager:registerTimer called after profile-before-change notification. Ignoring timer registration for id: telemetry_modules_ping
1528051353492	geckodriver	INFO	geckodriver 0.20.1
1528051353496	geckodriver	INFO	Listening on 127.0.0.1:43507
1528051354500	mozrunner::runner	INFO	Running command: "/usr/bin/firefox" "-marionette" "-profile" "/tmp/rust_mozprofile.aD5rUXNF3cye"
1528051357459	Marionette	INFO	Listening on port 34575
1528051357560	Marionette	WARN	TLS certificate errors will be ignored for this session
*** UTM:SVC TimerManager:registerTimer called after profile-before-change notification. Ignoring timer registration for id: telemetry_modules_ping
1528051524015	geckodriver	INFO	geckodriver 0.20.1
1528051524020	geckodriver	INFO	Listening on 127.0.0.1:54165
1528051525021	mozrunner::runner	INFO	Running command: "/usr/bin/firefox" "-marionette" "-profile" "/tmp/rust_mozprofile.0sLmDwEwxKDC"
1528051527924	Marionette	INFO	Listening on port 43569
1528051527940	Marionette	WARN	TLS certificate errors will be ignored for this session
*** UTM:SVC TimerManager:registerTimer called after profile-before-change notification. Ignoring timer registration for id: telemetry_modules_ping
1528051531590	geckodriver	INFO	geckodriver 0.20.1
1528051531595	geckodriver	INFO	Listening on 127.0.0.1:38187
1528051532607	mozrunner::runner	INFO	Running command: "/usr/bin/firefox" "-marionette" "-profile" "/tmp/rust_mozprofile.ESyJizV1Gb21"
1528051535385	Marionette	INFO	Listening on port 35753
1528051535435	Marionette	WARN	TLS certificate errors will be ignored for this session
1528051536311	addons.xpi	WARN	Exception running bootstrap method shutdown on activity-stream@mozilla.org: [Exception... "Component returned failure code: 0x80004005 (NS_ERROR_FAILURE) [nsIObserverService.removeObserver]"  nsresult: "0x80004005 (NS_ERROR_FAILURE)"  location: "JS frame :: resource://activity-stream/lib/SnippetsFeed.jsm :: uninit :: line 185"  data: no] Stack trace: uninit()@resource://activity-stream/lib/SnippetsFeed.jsm:185
onAction()@resource://activity-stream/lib/SnippetsFeed.jsm:201
_middleware/</<()@resource://activity-stream/lib/Store.jsm:49
Store/this[method]()@resource://activity-stream/lib/Store.jsm:28
uninit()@resource://activity-stream/lib/Store.jsm:151
uninit()@resource://activity-stream/lib/ActivityStream.jsm:300
uninit()@resource://gre/modules/addons/XPIProvider.jsm -> jar:file:///usr/lib/firefox/browser/features/activity-stream@mozilla.org.xpi!/bootstrap.js:73
shutdown()@resource://gre/modules/addons/XPIProvider.jsm -> jar:file:///usr/lib/firefox/browser/features/activity-stream@mozilla.org.xpi!/bootstrap.js:169
callBootstrapMethod()@resource://gre/modules/addons/XPIProvider.jsm:4436
observe()@resource://gre/modules/addons/XPIProvider.jsm:2287
GeckoDriver.prototype.quit()@driver.js:3300
despatch()@server.js:293
execute()@server.js:267
onPacket/<()@server.js:242
onPacket()@server.js:241
_onJSONObjectReady/<()@transport.js:500
*** UTM:SVC TimerManager:registerTimer called after profile-before-change notification. Ignoring timer registration for id: telemetry_modules_ping
1528051660423	geckodriver	INFO	geckodriver 0.20.1
1528051660434	geckodriver	INFO	Listening on 127.0.0.1:38075
1528051661431	mozrunner::runner	INFO	Running command: "/usr/bin/firefox" "-marionette" "-profile" "/tmp/rust_mozprofile.IHocoGLGgOVh"
1528051664429	Marionette	INFO	Listening on port 40465
1528051664457	Marionette	WARN	TLS certificate errors will be ignored for this session
1528051666779	addons.xpi	WARN	Exception running bootstrap method shutdown on activity-stream@mozilla.org: [Exception... "Component returned failure code: 0x80004005 (NS_ERROR_FAILURE) [nsIObserverService.removeObserver]"  nsresult: "0x80004005 (NS_ERROR_FAILURE)"  location: "JS frame :: resource://activity-stream/lib/SnippetsFeed.jsm :: uninit :: line 185"  data: no] Stack trace: uninit()@resource://activity-stream/lib/SnippetsFeed.jsm:185
onAction()@resource://activity-stream/lib/SnippetsFeed.jsm:201
_middleware/</<()@resource://activity-stream/lib/Store.jsm:49
Store/this[method]()@resource://activity-stream/lib/Store.jsm:28
uninit()@resource://activity-stream/lib/Store.jsm:151
uninit()@resource://activity-stream/lib/ActivityStream.jsm:300
uninit()@resource://gre/modules/addons/XPIProvider.jsm -> jar:file:///usr/lib/firefox/browser/features/activity-stream@mozilla.org.xpi!/bootstrap.js:73
shutdown()@resource://gre/modules/addons/XPIProvider.jsm -> jar:file:///usr/lib/firefox/browser/features/activity-stream@mozilla.org.xpi!/bootstrap.js:169
callBootstrapMethod()@resource://gre/modules/addons/XPIProvider.jsm:4436
observe()@resource://gre/modules/addons/XPIProvider.jsm:2287
GeckoDriver.prototype.quit()@driver.js:3300
despatch()@server.js:293
execute()@server.js:267
onPacket/<()@server.js:242
onPacket()@server.js:241
_onJSONObjectReady/<()@transport.js:500
*** UTM:SVC TimerManager:registerTimer called after profile-before-change notification. Ignoring timer registration for id: telemetry_modules_ping
1528051668188	geckodriver	INFO	geckodriver 0.20.1
1528051668199	geckodriver	INFO	Listening on 127.0.0.1:47855
1528051669194	mozrunner::runner	INFO	Running command: "/usr/bin/firefox" "-marionette" "-profile" "/tmp/rust_mozprofile.f4vCQKMnOwdz"
1528051672188	Marionette	INFO	Listening on port 43225
1528051672235	Marionette	WARN	TLS certificate errors will be ignored for this session
*** UTM:SVC TimerManager:registerTimer called after profile-before-change notification. Ignoring timer registration for id: telemetry_modules_ping
1528052950470	geckodriver	INFO	geckodriver 0.20.1
1528052950482	geckodriver	INFO	Listening on 127.0.0.1:42587
1528052951485	mozrunner::runner	INFO	Running command: "/usr/bin/firefox" "-marionette" "-profile" "/tmp/rust_mozprofile.b4ZnAfsK5QnY"
1528052955100	Marionette	INFO	Listening on port 38269
1528052955144	Marionette	WARN	TLS certificate errors will be ignored for this session
*** UTM:SVC TimerManager:registerTimer called after profile-before-change notification. Ignoring timer registration for id: telemetry_modules_ping
1528052958838	geckodriver	INFO	geckodriver 0.20.1
1528052958844	geckodriver	INFO	Listening on 127.0.0.1:43843
1528052959847	mozrunner::runner	INFO	Running command: "/usr/bin/firefox" "-marionette" "-profile" "/tmp/rust_mozprofile.V27Z1O0fD1c2"
1528052963105	Marionette	INFO	Listening on port 39313
1528052963179	Marionette	WARN	TLS certificate errors will be ignored for this session
*** UTM:SVC TimerManager:registerTimer called after profile-before-change notification. Ignoring timer registration for id: telemetry_modules_ping
1528053169655	geckodriver	INFO	geckodriver 0.20.1
1528053169665	geckodriver	INFO	Listening on 127.0.0.1:40141
1528053170669	mozrunner::runner	INFO	Running command: "/usr/bin/firefox" "-marionette" "-profile" "/tmp/rust_mozprofile.sMpQNbf5ulwl"
1528053173520	Marionette	INFO	Listening on port 37585
1528053173596	Marionette	WARN	TLS certificate errors will be ignored for this session
*** UTM:SVC TimerManager:registerTimer called after profile-before-change notification. Ignoring timer registration for id: telemetry_modules_ping
1528053178016	geckodriver	INFO	geckodriver 0.20.1
1528053178021	geckodriver	INFO	Listening on 127.0.0.1:54059
1528053179021	mozrunner::runner	INFO	Running command: "/usr/bin/firefox" "-marionette" "-profile" "/tmp/rust_mozprofile.yyQZfz6k9vDm"
1528053182308	Marionette	INFO	Listening on port 34377
1528053182384	Marionette	WARN	TLS certificate errors will be ignored for this session
*** UTM:SVC TimerManager:registerTimer called after profile-before-change notification. Ignoring timer registration for id: telemetry_modules_ping
1528053333429	geckodriver	INFO	geckodriver 0.20.1
1528053333434	geckodriver	INFO	Listening on 127.0.0.1:46423
1528053334438	mozrunner::runner	INFO	Running command: "/usr/bin/firefox" "-marionette" "-profile" "/tmp/rust_mozprofile.nSq1PtRdN8ue"
1528053337417	Marionette	INFO	Listening on port 33369
1528053337466	Marionette	WARN	TLS certificate errors will be ignored for this session
*** UTM:SVC TimerManager:registerTimer called after profile-before-change notification. Ignoring timer registration for id: telemetry_modules_ping
1528053341469	geckodriver	INFO	geckodriver 0.20.1
1528053341474	geckodriver	INFO	Listening on 127.0.0.1:53209
1528053342478	mozrunner::runner	INFO	Running command: "/usr/bin/firefox" "-marionette" "-profile" "/tmp/rust_mozprofile.Typ39CYG2imL"
1528053345773	Marionette	INFO	Listening on port 34139
1528053345805	Marionette	WARN	TLS certificate errors will be ignored for this session
*** UTM:SVC TimerManager:registerTimer called after profile-before-change notification. Ignoring timer registration for id: telemetry_modules_ping
1528053411824	geckodriver	INFO	geckodriver 0.20.1
1528053411835	geckodriver	INFO	Listening on 127.0.0.1:55081
1528053412831	mozrunner::runner	INFO	Running command: "/usr/bin/firefox" "-marionette" "-profile" "/tmp/rust_mozprofile.y9mrkHQkOTlQ"
1528053415848	Marionette	INFO	Listening on port 34413
1528053415967	Marionette	WARN	TLS certificate errors will be ignored for this session
*** UTM:SVC TimerManager:registerTimer called after profile-before-change notification. Ignoring timer registration for id: telemetry_modules_ping
1528053419650	geckodriver	INFO	geckodriver 0.20.1
1528053419655	geckodriver	INFO	Listening on 127.0.0.1:46445
1528053420668	mozrunner::runner	INFO	Running command: "/usr/bin/firefox" "-marionette" "-profile" "/tmp/rust_mozprofile.rmt8CN26xmIx"
1528053424053	Marionette	INFO	Listening on port 37811
1528053424114	Marionette	WARN	TLS certificate errors will be ignored for this session
*** UTM:SVC TimerManager:registerTimer called after profile-before-change notification. Ignoring timer registration for id: telemetry_modules_ping
